<?xml version="1.0" encoding="UTF-8"?>
<testng-results ignored="0" total="1" passed="1" failed="0" skipped="0">
  <reporter-output>
  </reporter-output>
  <suite started-at="2025-01-29T17:03:54 IST" name="Default suite" finished-at="2025-01-29T17:04:05 IST" duration-ms="11777">
    <groups>
    </groups>
    <test started-at="2025-01-29T17:03:54 IST" name="Default test" finished-at="2025-01-29T17:04:05 IST" duration-ms="11777">
      <class name="com.testing.projecttest">
        <test-method signature="pagetest()[pri:0, instance:com.testing.projecttest@791f145a]" started-at="2025-01-29T17:03:54 IST" name="pagetest" finished-at="2025-01-29T17:04:05 IST" duration-ms="11684" status="PASS">
          <reporter-output>
          </reporter-output>
        </test-method> <!-- pagetest -->
      </class> <!-- com.testing.projecttest -->
    </test> <!-- Default test -->
  </suite> <!-- Default suite -->
</testng-results>
