<?xml version="1.0" encoding="UTF-8"?>
<testng-results ignored="0" total="1" passed="1" failed="0" skipped="0">
  <reporter-output>
  </reporter-output>
  <suite started-at="2025-02-07T15:30:26 IST" name="Suite" finished-at="2025-02-07T15:30:38 IST" duration-ms="12339">
    <groups>
    </groups>
    <test started-at="2025-02-07T15:30:26 IST" name="Test" finished-at="2025-02-07T15:30:38 IST" duration-ms="12339">
      <class name="com.testing.projecttest">
        <test-method signature="pagetest()[pri:0, instance:com.testing.projecttest@791f145a]" started-at="2025-02-07T15:30:26 IST" name="pagetest" finished-at="2025-02-07T15:30:38 IST" duration-ms="12261" status="PASS">
          <reporter-output>
          </reporter-output>
        </test-method> <!-- pagetest -->
      </class> <!-- com.testing.projecttest -->
    </test> <!-- Test -->
  </suite> <!-- Suite -->
</testng-results>
